  805  ls
  806  mkdir Assignment1   ---Q1
  807  ls
  808  mv Assignment1.txt /mnt/scratch/FA23_CS131_Ashish/junf23/cs131/Work/Assignment1
  809  ls
  810  cd Assignment1
  811  ls
  812  echo $SHELL    ---Q2
  813  echo $HOME     ---Q3
  814  id             ---Q4
  815  ls
  816  mk myDir
  817  mkdir myDir    ---Q5
  818  chmod u-w myDir --Q5
  819  ls
  820  ls myDir
  821  cd myDir
  822  cd ..
  823  ls -l myDir
  824  cd myDir
  825  touch sample.txt
  826  cd ..
  827  ls
  828  mkdir myDir2 | mkdir myDir3  --Q6
  829  ls
  830  cd myDir2
  831  ls
  832  touch myFile.txt
  833  mv myFile.txt /mnt/scratch/FA23_CS131_Ashish/junf23/cs131/Work/Assignment1/myDir3  --Q7
  834  ls
  835  cd ..
  836  ls
  837  cd myDir3
  838  ls
  839  free -m               --Q8
  840  cat /etc/os-release   --Q9
  841  ls -l /etc/os-release --Q10
  842  ls
  843  cd ..
  844  ls
  845  history > cmds.log
