    1  wget www.github.com
    2  passwd
    3  wget www.github.com
    4  cd
    5  cd/home
    6  cd/home/sjsu
    7  cd /home/sjsu
    8  cd
    9  cd /Home/sjsu
   10  cd /desktop
   11  cd ~/home
   12  mkdir cs131
   13  cd /cs131
   14  cd cs131/
   15  git init
   16  touch jun.txt
   17  ls
   18  git status
   19  cd
   20  mkdir Worksheet1
   21  cd
   22  cd Worksheet1
   23  cd
   24  cd cs131
   25  cd
   26  ls
   27  cd cs131
   28  ls
   29  mkdir Worksheet1
   30  ls
   31  cd
   32  ls
   33  rmdir Worksheet1
   34  ls
   35  cd cs131
   36  ls
   37  cd Worksheet1
   38  ls
   39  wget www.github.com
   40  history > cmds.log
   41  ls
   42  git init
   43  touch jun.txt
   44  ls
   45  git status
   46  pwd
   47  git add sample.txt
   48  git status
   49  git add jun.txt
   50  git status
   51  git add.
   52  git add .
   53  git status
   54  git commit -m "This is my first commit!"
   55  cd ~/.ssh && ssh-keygen
   56  mkdir ~/.ssh
   57  /ls
   58  ls
   59  cd ~/.ssh && ssh-keygen
   60  ls
   61  pwd
   62  cd
   63  pwd
   64  rmdir .ssh
   65  cd .ssh
   66  rm -r
   67  ls
   68  ls
   69  cd cs131
   70  ls
   71  cd Worksheet1
   72  ls
   73  mkdir ~/.ssh
   74  ls
   75  cat id_rsa.pub.pub
   76  ls
   77  rmdir ~/.ssh
   78  git init
   79  ls
   80  rmdir /.ssh
   81  rmdir ~/.ssh
   82  cd ~/.ssh
   83  ls
   84  cat id_rsa.pub
   85  rm -r
   86  man rm
   87  rm cat id_rsa.pub
   88  rm cat id_rsa
   89  ssh-keygen
   90  cat id_rsa.pub
   91  git status
   92  cd
   93  l
   94  ls
   95  cd cs131
   96  ls
   97  cd Worksheet1
   98  ls
   99  git add .
  100  git status
  101  git commin -m "My first commit"
  102  git commit -m "My first commit"
  103  dksxowns69@gmail.com
  104  git config --global user.email "dksxowns69@gmail.com"
  105  git config --global user.name "Yasjun0609"
  106  git commit -m "My fist commit"
  107  git push
  108  git remote add Yasjun0609 git@github.com:Yasjun0609/cs131.git
  109  git push
  110  git remote add Yasjun0609 https://github.com/Yasjun0609/cs131.git
  111  git status
  112  cd
  113  ls
  114  cd cs131
  115  ls
  116  cd Worksheet1
  117  ls
  118  git add.
  119  git add . 
  120  git status
  121  git clone https://github.com/Yasjun0609/cs131.git
  122  ls
  123  cd cs131
  124  ls
  125  pwd
  126  cd
  127  ls
  128  pwd
  129  cd cs131
  130  ls
  131  cd Worksheet1
  132  ls
  133  rmdir cs131
  134  cd cs131
  135  pwd
  136  ls
  137  cd Worksheet1
  138  cd
  139  pwd
  140  cd cs131/Worksheet1
  141  ls
  142  git init
  143  git status
  144  git add .
  145  git status
  146  ls
  147  git add cmds.log
  148  git status
  149  wget www.github.com
  150  history >cmds_1.log
  151  ls
  152  git add .
  153  rmdir cs131 -F
  154  rmdir cs131
  155  rmdir -F cs131
  156  rm cs131
  157  git add cmds_1.log
  158  git status
  159  git remote add origin git@github.com:Yasjun0609/cs131.git
  160  git commit -m "Message"
  161  git push --set-upstream origin master
  162  ls
  163  git clone https://github.com/Yasjun0609/cs131.git
  164  mkdir sample1
  165  cd sample1
  166  pwd
  167  git clone https://github.com/Yasjun0609/cs131.git
  168  ls
  169  cd 131
  170  ls
  171  cd cs131
  172  ls
  173  wget https://raw.githubusercontent.com/khanchandaniashish/CS131/main/spotify-2023.csv
  174  ls
  175  vi spotify-2023.csv
  176  ls
  177  vi spotify-2023.csv
  178  vi spotify-2034.csv
  179  ls
  180  vi spotify-2023.csv
  181  vi sort.txt
  182  ls
  183  vi sort.txt
  184  cat sort.txt
  185  sort sort.txt
  186  wc sort.txt
  187  cat sort.txt
  188  wc -1 sort.txt
  189  wc-1 sort.txt
  190  wc -1 sort.txt
  191  wc -l sort.txt
  192  wc -w sort.txt
  193  man wc
  194  grep "Jung Kook" spotify-2023.csv
  195  grep "Eminem" spotify-2023.csv
  196  grep "eminem" spotify-2023.csv
  197  man grep
  198  grep -i "eminem" spotify-2023.csv
  199  history
  200  man history
  201  grep "Jung Kook" spotify-2023.csv > results_JungKook.txt
  202  ls
  203  cat results_JungKook.txt
  204  wc -l spotify-2023.csv
  205  grep -v "Taylor" spotify-2023.csv
  206  wc -l "Taylor" spotify-2023.csv
  207  grep -iv "Taylor" spotify-2023.csv
  208  grep -iv "taylor" spotify-2023.csv | wc -l
  209  man cut
  210  ls
  211  wget https://raw.githubusercontent.com/khanchandaniashish/CS131/main/spotify-2023.csv
  212  ls
  213  rm spotify-2023.csv.1
  214  ls
  215  rm spotify-2023.csv
  216  wget https://raw.githubusercontent.com/khanchandaniashish/CS131/main/spotify-2023.csv
  217  ls
  218  cd cs131
  219  ls
  220  cd Worksheet1
  221  ls
  222  rmdir cs131
  223  rmdir -r cs131
  224  man rmdir
  225  cd
  226  ls
  227  cd cs131
  228  ls
  229  mkdir Worksheet2
  230  ls
  231  git add .
  232  git add worksheet2 directory made_1
  233  git add Worksheet2 wrksht2_test_1
  234  git add Worksheet2
  235  git status
  236  ls
  237  cd Worksheet2
  238  ls
  239  cd
  240  cd cs131
  241  ls
  242  cd Worksheet2
  243  touch sample1.txt
  244  ls
  245  git add .
  246  git status
  247  cd
  248  git add.
  249  git add .
  250  git status
  251  cd cs131
  252  git status
  253  git add.
  254  git add .
  255  git status
  256  git commit -m "Modified Directories_1"
  257  git push
  258  git status
  259  git add .
  260  git status
  261  git push origin master
  262  ls
  263  git add .
  264  git status
  265  git remote add origin git@github.com:Yasjun0609/cs131.git
  266  git status
  267  git push --set-upstream origin master
  268  git pull
  269  git pull origin master
  270  ls
  271  rm jun.txt
  272  ls
  273  cs Worksheet1
  274  cd Worksheet1
  275  ls
  276  cd sample1
  277  ls
  278  cd cs131
  279  ls
  280  cd
  281  ls
  282  cd
  283  ls
  284  rm index.html.1
  285  ls
  286  rm index.html
  287  rm results_JungKook.txt
  288  rm sort.txt
  289  rm spotify-2023.csv
  290  ls
  291  cd cs131
  292  ls
  293  cd Worksheet1
  294  ls
  295  cd
  296  ls
  297  cd cs131
  298  ls
  299  cd Worksheet2
  300  ls
  301  cd cs131
  302  cd
  303  ls
  304  cd cs131
  305  ls
  306  git add Worksheet2
  307  git status
  308  git add .
  309  git status
  310  git pull
  311  git status
  312  ls
  313  git status
  314  git reset
  315  git status
  316  ls
  317  cs Worksheet2
  318  cd Worksheet2
  319  ls
  320  rm sample1.txt
  321  cd
  322  ls
  323  cd cs131
  324  rmdir Worksheet2
  325  ls
  326  mkdir Worksheet2
  327  add Worksheet2
  328  git add Worksheet2
  329  git status
  330  git commit -m "Directory fix_1"
  331  git remote add Yasjun0609 https://github.com/Yasjun0609/cs131.git
  332  git status
  333  ls
  334  git add .
  335  git status
  336  cd
  337  ls
  338  cd cs131
  339  git add .
  340  git status
  341  ls
  342  cd Worksheet2
  343  ls
  344  touch Sample1.txt
  345  git add .
  346  git status
  347  git commit -m "DirectoryChange_1"
  348  git remote add Yasjun0609 https://github.com/Yasjun0609/cs131.git
  349  git push
  350  git status
  351  ls
  352  git push
  353  git push --set-upstream origin master
  354  git status
  355  git push origin master
  356  git reset
  357  git status
  358  cd
  359  git fetch origin
  360  ls
  361  cd cs131
  362  git fetch
  363  ls
  364  git pull
  365  git pull origin master
  366  git config pull.rebase false
  367  git pull origin master
  368  ls
  369  rmdir Worksheet2
  370  rm -r Worksheet2
  371  ls
  372  cd Worksheet1
  373  ls
  374  cd sample1
  375  ls
  376  cd cs131
  377  ls
  378  git pull origin master
  379  cd cs131/Worksheet1
  380  ls
  381  cd
  382  ls
  383  cd cs131
  384  ls
  385  cd Worksheet1
  386  ls
  387  rm cmds_1.log
  388  rm cmds.log
  389  rm index.html
  390  em index.html.1
  391  rm index.html.1
  392  rm jun.txt
  393  ls
  394  cd cs131
  395  ls
  396  cd
  397  ls
  398  cd cs131
  399  ls
  400  cd Worksheet1
  401  ls
  402  rm -r cs131
  403  ls
  404  mv sample1 githubDir1
  405  ls
  406  cd gihubDir1
  407  mv githubDir1 git_1
  408  ls
  409  cd git_1
  410  ls
  411  cd cs131
  412  ls
  413  git pull origin master
  414  cd
  415  ls
  416  cd cs131
  417  ls
  418  cd Worksheet1
  419  ls
  420  pwd
  421  ls
  422  cd git_1
  423  ls
  424  cd cs131
  425  ls
  426  mv cmds_1.log cmds.log index.html jun.txt /mnt/scratch/FA23 CS131 Ashish/junf23/cs131/Worksheet1
  427  mv cmds_1.log cmds.log index.html jun.txt junf23/cs131/Worksheet1
  428  mv cmds_1.log cmds.log index.html jun.txt mnt/scratch/FA23 CS131 Ashish/junf23/cs131/Worksheet1
  429  mv cmds_1.log cmds.log index.html jun.txt cs131/Worksheet1
  430  pwd
  431  mv cmds_1.log cmds.log index.html jun.txt /mnt/scratch/FA23 CS131 Ashish/junf23/cs131/Worksheet1
  432  mv cmds_1.log cmds.log index.html jun.txt /mnt/scratch/FA23 CS131_Ashish/junf23/cs131/Worksheet1
  433  mv cmds_1.log cmds.log index.html jun.txt /mnt/scratch/FA23_CS131_Ashish/junf23/cs131/Worksheet1
  434  ls
  435  cd
  436  ls
  437  cd cs131
  438  ls
  439  cd Worksheet1
  440  ls
  441  rm -r git_1
  442  git add .
  443  git status
  444  ls
  445  cd
  446  git add .
  447  ls
  448  cd cs131
  449  git add .
  450  git status
  451  git push
  452  ls
  453  cd Worksheet1
  454  ls
  455  git pull origin master
  456  mv cmds_1.log cmds.log index.html jun.txt /mnt/scratch/FA23_CS131_Ashish/junf23/cs131
  457  ls
  458  cd
  459  ls
  460  cd cs131
  461  ls
  462  git pull origin master
  463  mv cmds_1.log cmds.log index.html jun.txt /mnt/scratch/FA23_CS131_Ashish/junf23/cs131/Worksheet1
  464  ls
  465  cd Worksheet1
  466  ls
  467  git pull origin master
  468  cd
  469  ls
  470  cd cs131
  471  ls
  472  mv Worksheet1 Assignments
  473  ls
  474  cd Assignments
  475  ls
  476  git pull origin master
  477  mkdir Worksheet2
  478  ls
  479  git add .
  480  git status
  481  git add -A
  482  git status
  483  ls
  484  cd git_1
  485  ls
  486  cd cs131
  487  ls
  488  cd
  489  ls
  490  cd cs131
  491  ls
  492  mv Assignments Work
  493  ls
  494  cd Work
  495  ls
  496  git add .
  497  git status
  498  cd Worksheet2
  499  ls
  500  touch Text_1.txt
  501  ls
  502  cd
  503  ls
  504  cd cs131
  505  cd Work
  506  ls
  507  git add -A
  508  git status
  509  git commit -m "directory changes_1"
  510  git push
  511  ls
  512  mkdir Worksheet1
  513  cd Worksheet1
  514  ls
  515  pwd
  516  cd ..
  517  ls
  518  mv cmds_1.log cmds.log index.html jun.txt /mnt/scratch/FA23_CS131_Ashish/junf23/cs131/Work/Worksheet1
  519  ls
  520  git add -A
  521  git status
  522  git commit -m "Directory changes_2"
  523  git push
  524  ls
  525  cd Worksheet2
  526  ls
  527  wget https://raw.githubusercontent.com/khanchandaniashish/CS131/main/Global%20Youtube%20Statistics.csv
  528  ls
  529  wget https://raw.githubusercontent.com/khanchandaniashish/CS131/main/Global%20YouTube%20Statistics.csv
  530  ls
  531  man cat
  532  cat Global*.csv
  533  ls
  534  grep "United States" Global_YouTube_Statistics.csv
  535  ls
  536  grep -i "Unites States" Global YouTube Statistics.csv
  537  grep -i "Unites States" Global%20YouTube%20Statistics.csv
  538  grep -i "Unites States" Global YouTube Statistics.csv
  539  ls
  540  grep -i "United States" Global*.csv
  541  grep -i "United States" Global*.csv > results_United_States.txt
  542  ls
  543  grep -i "Music" Global*.csv > results_Music_category.txt
  544  ls
  545  wc -l results_Mu*.txt 
  546  wc -w results_Mu*.txt
  547  wc -l results_Mu*.txt > counts.txt
  548  wc -w results_Mu*.txt > counts.txt
  549  ls
  550  cat counts.txt
  551  wc -l results_Mu*.txt >> counts.txt
  552  ls
  553  cat counts.txt
  554  vi counts.txt
  555  ls
  556  cat counts.txt
  557  history > cmds.log
